<?xml version="1.0" encoding="utf-8"?><testsuites name="pytest tests"><testsuite name="pytest" errors="0" failures="0" skipped="0" tests="39" time="7.493" timestamp="2026-04-30T10:29:52.821563+00:00" hostname="agent-env-57e45286-f312-4506-a3dd-def7547c9a0d"><testcase classname="backend.tests.test_dsse_backend.TestAuth" name="test_super_admin_login" time="0.447" /><testcase classname="backend.tests.test_dsse_backend.TestAuth" name="test_login_wrong_password" time="0.325" /><testcase classname="backend.tests.test_dsse_backend.TestAuth" name="test_register_applicant" time="0.327" /><testcase classname="backend.tests.test_dsse_backend.TestAuth" name="test_register_duplicate" time="0.119" /><testcase classname="backend.tests.test_dsse_backend.TestAuth" name="test_me_requires_auth" time="0.109" /><testcase classname="backend.tests.test_dsse_backend.TestAuth" name="test_me_with_token" time="0.389" /><testcase classname="backend.tests.test_dsse_backend.TestAuth" name="test_forgot_password_returns_token" time="0.115" /><testcase classname="backend.tests.test_dsse_backend.TestAuth" name="test_reset_password" time="0.667" /><testcase classname="backend.tests.test_dsse_backend.TestSeatsConfig" name="test_55_seats" time="0.046" /><testcase classname="backend.tests.test_dsse_backend.TestSeatsConfig" name="test_configuration" time="0.047" /><testcase classname="backend.tests.test_dsse_backend.TestSeatsConfig" name="test_admin_update_seat_maintenance" time="0.148" /><testcase classname="backend.tests.test_dsse_backend.TestSeatsConfig" name="test_configuration_update_admin" time="0.048" /><testcase classname="backend.tests.test_dsse_backend.TestTeams" name="test_list_teams" time="0.047" /><testcase classname="backend.tests.test_dsse_backend.TestTeams" name="test_csv_import_dry_run" time="0.049" /><testcase classname="backend.tests.test_dsse_backend.TestTeams" name="test_create_team" time="0.051" /><testcase classname="backend.tests.test_dsse_backend.TestRBAC" name="test_admin_endpoints_blocked_for_unauth" time="0.103" /><testcase classname="backend.tests.test_dsse_backend.TestRBAC" name="test_admin_endpoints_blocked_for_applicant" time="0.446" /><testcase classname="backend.tests.test_dsse_backend.TestUserManagement" name="test_create_member" time="0.274" /><testcase classname="backend.tests.test_dsse_backend.TestUserManagement" name="test_member_login" time="0.342" /><testcase classname="backend.tests.test_dsse_backend.TestUserManagement" name="test_me_returns_team" time="0.133" /><testcase classname="backend.tests.test_dsse_backend.TestUserManagement" name="test_approve_applicant" time="0.717" /><testcase classname="backend.tests.test_dsse_backend.TestBookings" name="test_applicant_cannot_book" time="0.452" /><testcase classname="backend.tests.test_dsse_backend.TestBookings" name="test_create_booking_success" time="0.104" /><testcase classname="backend.tests.test_dsse_backend.TestBookings" name="test_overlap_rejected" time="0.104" /><testcase classname="backend.tests.test_dsse_backend.TestBookings" name="test_working_hours_rejected" time="0.101" /><testcase classname="backend.tests.test_dsse_backend.TestBookings" name="test_lead_time_rejected" time="0.105" /><testcase classname="backend.tests.test_dsse_backend.TestBookings" name="test_daily_cap_rejected" time="0.114" /><testcase classname="backend.tests.test_dsse_backend.TestBookings" name="test_max_booking_hours" time="0.104" /><testcase classname="backend.tests.test_dsse_backend.TestBookings" name="test_booking_window" time="0.103" /><testcase classname="backend.tests.test_dsse_backend.TestBookings" name="test_my_bookings" time="0.101" /><testcase classname="backend.tests.test_dsse_backend.TestBookings" name="test_admin_pending_list" time="0.063" /><testcase classname="backend.tests.test_dsse_backend.TestBookings" name="test_admin_approve_booking" time="0.156" /><testcase classname="backend.tests.test_dsse_backend.TestBookings" name="test_bulk_approve" time="0.158" /><testcase classname="backend.tests.test_dsse_backend.TestDashboard" name="test_admin_dashboard" time="0.058" /><testcase classname="backend.tests.test_dsse_backend.TestViolations" name="test_log_tier1_violation" time="0.047" /><testcase classname="backend.tests.test_dsse_backend.TestViolations" name="test_log_tier3_suspends" time="0.378" /><testcase classname="backend.tests.test_dsse_backend.TestGuidelines" name="test_active_guidelines" time="0.103" /><testcase classname="backend.tests.test_dsse_backend.TestGuidelines" name="test_create_new_version" time="0.050" /><testcase classname="backend.tests.test_dsse_backend.TestGuidelines" name="test_accept_guidelines" time="0.125" /></testsuite></testsuites>